<?xml version="1.0" encoding="UTF-8"?>
<!-- Generated by org.testng.reporters.JUnitXMLReporter -->
<testsuite hostname="Mahesh-LAPTOP" ignored="0" name="Test" tests="7" failures="0" timestamp="2020-09-08T08:18:00 IST" time="10.114" errors="0">
  <testcase name="createlanunpad_post" time="2.472" classname="com.Tests_TDD.CreateLaunchpad"/>
  <testcase name="querycapsules_post" time="0.888" classname="com.Tests_BDD.QueryCapsules"/>
  <testcase name="getAllCapsules" time="1.287" classname="com.Tests_TDD.GetAllCapsules"/>
  <testcase name="getAllRockets" time="1.756" classname="com.Tests_TDD.All_Rockets_Tests"/>
  <testcase name="getOneRokcet" time="1.254" classname="com.Tests_TDD.All_Rockets_Tests"/>
  <testcase name="postQueryrocket" time="0.955" classname="com.Tests_TDD.All_Rockets_Tests"/>
  <testcase name="querycapsules_post" time="1.461" classname="com.Tests_BDD.CreateCapsule"/>
</testsuite> <!-- Test -->
